[2025-05-06 16:36:01] Request URI: /billing/index
[2025-05-06 16:36:01] Normalized relative path: /index
[2025-05-06 16:36:01] Matched page route: /index -> C:\server\www\billing/index.php
[2025-05-06 16:36:14] Request URI: /billing/js/admin-dashboard.js
[2025-05-06 16:36:14] Normalized relative path: /js/admin-dashboard.js
[2025-05-06 16:36:14] Static file not found or not readable: C:\server\www\billing/js/admin-dashboard.js
[2025-05-06 16:41:24] Request URI: /billing/js/admin-dashboard.js
[2025-05-06 16:41:24] Normalized relative path: /js/admin-dashboard.js
[2025-05-06 16:41:24] Static file not found or not readable: C:\server\www\billing/js/admin-dashboard.js
[2025-05-06 16:41:28] Request URI: /billing/js/admin-dashboard.js
[2025-05-06 16:41:28] Normalized relative path: /js/admin-dashboard.js
[2025-05-06 16:41:28] Static file not found or not readable: C:\server\www\billing/js/admin-dashboard.js
[2025-05-06 16:53:02] Request URI: /billing/js/admin-dashboard.js
[2025-05-06 16:53:02] Normalized relative path: /js/admin-dashboard.js
[2025-05-06 16:53:02] Static file not found or not readable: C:\server\www\billing/js/admin-dashboard.js
[2025-05-06 17:07:54] Request URI: /billing/js/admin-dashboard.js
[2025-05-06 17:07:54] Normalized relative path: /js/admin-dashboard.js
[2025-05-06 17:07:54] Static file not found or not readable: C:\server\www\billing/js/admin-dashboard.js
[2025-05-06 17:08:32] Request URI: /billing/js/admin-dashboard.js
[2025-05-06 17:08:32] Normalized relative path: /js/admin-dashboard.js
[2025-05-06 17:08:32] Static file not found or not readable: C:\server\www\billing/js/admin-dashboard.js
[2025-05-06 17:08:38] Request URI: /billing/js/admin-dashboard.js
[2025-05-06 17:08:38] Normalized relative path: /js/admin-dashboard.js
[2025-05-06 17:08:38] Static file not found or not readable: C:\server\www\billing/js/admin-dashboard.js
[2025-05-06 17:08:41] Request URI: /billing/js/admin-dashboard.js
[2025-05-06 17:08:41] Normalized relative path: /js/admin-dashboard.js
[2025-05-06 17:08:41] Static file not found or not readable: C:\server\www\billing/js/admin-dashboard.js
[2025-05-06 17:30:50] Request URI: /billing/js/admin-dashboard.js
[2025-05-06 17:30:50] Normalized relative path: /js/admin-dashboard.js
[2025-05-06 17:30:50] Static file not found or not readable: C:\server\www\billing/js/admin-dashboard.js
[2025-05-06 17:39:48] Request URI: /billing/js/admin-dashboard.js
[2025-05-06 17:39:48] Normalized relative path: /js/admin-dashboard.js
[2025-05-06 17:39:48] Static file not found or not readable: C:\server\www\billing/js/admin-dashboard.js
[2025-05-06 17:47:43] Request URI: /billing/js/admin-dashboard.js
[2025-05-06 17:47:43] Normalized relative path: /js/admin-dashboard.js
[2025-05-06 17:47:43] Static file not found or not readable: C:\server\www\billing/js/admin-dashboard.js
[2025-05-06 17:48:03] Request URI: /billing/js/admin-dashboard.js
[2025-05-06 17:48:04] Normalized relative path: /js/admin-dashboard.js
[2025-05-06 17:48:04] Static file not found or not readable: C:\server\www\billing/js/admin-dashboard.js
[2025-05-06 17:48:12] Request URI: /billing/js/admin-dashboard.js
[2025-05-06 17:48:12] Normalized relative path: /js/admin-dashboard.js
[2025-05-06 17:48:12] Static file not found or not readable: C:\server\www\billing/js/admin-dashboard.js
[2025-05-06 17:48:16] Request URI: /billing/js/admin-dashboard.js
[2025-05-06 17:48:16] Normalized relative path: /js/admin-dashboard.js
[2025-05-06 17:48:16] Static file not found or not readable: C:\server\www\billing/js/admin-dashboard.js
[2025-05-06 18:05:20] Request URI: /billing/js/admin-dashboard.js
[2025-05-06 18:05:20] Normalized relative path: /js/admin-dashboard.js
[2025-05-06 18:05:20] Static file not found or not readable: C:\server\www\billing/js/admin-dashboard.js
[2025-05-06 18:05:32] Request URI: /billing/js/admin-dashboard.js
[2025-05-06 18:05:32] Normalized relative path: /js/admin-dashboard.js
[2025-05-06 18:05:32] Static file not found or not readable: C:\server\www\billing/js/admin-dashboard.js
[2025-05-06 18:05:38] Request URI: /billing/js/admin-dashboard.js
[2025-05-06 18:05:38] Normalized relative path: /js/admin-dashboard.js
[2025-05-06 18:05:38] Static file not found or not readable: C:\server\www\billing/js/admin-dashboard.js
[2025-05-06 18:07:43] Request URI: /billing/js/admin-dashboard.js
[2025-05-06 18:07:43] Normalized relative path: /js/admin-dashboard.js
[2025-05-06 18:07:43] 404 Not Found for relative path: /js/admin-dashboard.js
[2025-05-06 18:09:41] Request URI: /billing/js/admin-dashboard.js
[2025-05-06 18:09:41] Normalized relative path: /js/admin-dashboard.js
[2025-05-06 18:09:41] 404 Not Found for relative path: /js/admin-dashboard.js
[2025-05-06 18:09:48] Request URI: /billing/js/admin-dashboard.js
[2025-05-06 18:09:48] Normalized relative path: /js/admin-dashboard.js
[2025-05-06 18:09:48] 404 Not Found for relative path: /js/admin-dashboard.js
